{"level":"INFO","message":"[5:18:49.076 PM]: Creating new connection object"}
{"level":"INFO","message":"[5:18:49.084 PM]: Creating Connection[id: 5400b86d-bbbe-49f4-9f67-855a58a172ed] with host: CUGFKKD-TT48942.snowflakecomputing.com, account: CUGFKKD-TT48942, accessUrl: https://CUGFKKD-TT48942.snowflakecomputing.com, user: ZAINEEL, role: undefined, database: undefined, schema: undefined, warehouse: COMPUTE_WH, proxy was not configured, password is not provided, region: undefined, authenticator: SNOWFLAKE_JWT, ocsp mode: FAIL_OPEN, os: darwin, os version: 25.0.0"}
{"level":"INFO","message":"[5:18:49.085 PM]: Connection[id: 5400b86d-bbbe-49f4-9f67-855a58a172ed] additional details: passcode in password is provided, passcode is not provided, private key is provided, application: undefined, client name: snowflake-sdk, client version: 2.3.1, retry timeout: 300, private key path: undefined, private key pass is not provided, client store temporary credential: false, browser response timeout: 120000"}
{"level":"INFO","message":"[5:18:49.085 PM]: Connection[id: 5400b86d-bbbe-49f4-9f67-855a58a172ed] - connection object created successfully."}
{"level":"INFO","message":"[5:18:49.085 PM]: Connection[id: 5400b86d-bbbe-49f4-9f67-855a58a172ed] - connecting. Associated Snowflake domain: GLOBAL"}
{"level":"INFO","message":"[5:18:49.090 PM]: Connection[id: 5400b86d-bbbe-49f4-9f67-855a58a172ed] - authentication successful using: SNOWFLAKE_JWT"}
{"level":"INFO","message":"[5:18:49.090 PM]: Trying to initialize Easy Logging"}
{"level":"INFO","message":"[5:18:49.092 PM]: No client config detected."}
{"level":"INFO","message":"[5:18:49.092 PM]: No config file path found. Client config will not be used."}
{"level":"INFO","message":"[5:18:49.093 PM]: Easy Logging is disabled as no config has been found"}
{"level":"INFO","message":"[5:18:49.095 PM]: Connection[id: 5400b86d-bbbe-49f4-9f67-855a58a172ed] - connected successfully after 9.33 milliseconds"}
{"level":"INFO","message":"[5:20:14.629 PM]: Creating new connection object"}
{"level":"INFO","message":"[5:20:14.638 PM]: Creating Connection[id: a572ff28-9014-4977-b0a3-cb7330ae353c] with host: CUGFKKD-TT48942.snowflakecomputing.com, account: CUGFKKD-TT48942, accessUrl: https://CUGFKKD-TT48942.snowflakecomputing.com, user: ZAINEEL, role: undefined, database: undefined, schema: undefined, warehouse: COMPUTE_WH, proxy was not configured, password is not provided, region: undefined, authenticator: SNOWFLAKE_JWT, ocsp mode: FAIL_OPEN, os: darwin, os version: 25.0.0"}
{"level":"INFO","message":"[5:20:14.638 PM]: Connection[id: a572ff28-9014-4977-b0a3-cb7330ae353c] additional details: passcode in password is provided, passcode is not provided, private key is provided, application: undefined, client name: snowflake-sdk, client version: 2.3.1, retry timeout: 300, private key path: undefined, private key pass is not provided, client store temporary credential: false, browser response timeout: 120000"}
{"level":"INFO","message":"[5:20:14.638 PM]: Connection[id: a572ff28-9014-4977-b0a3-cb7330ae353c] - connection object created successfully."}
{"level":"INFO","message":"[5:20:14.639 PM]: Connection[id: a572ff28-9014-4977-b0a3-cb7330ae353c] - connecting. Associated Snowflake domain: GLOBAL"}
{"level":"INFO","message":"[5:20:14.643 PM]: Connection[id: a572ff28-9014-4977-b0a3-cb7330ae353c] - authentication successful using: SNOWFLAKE_JWT"}
{"level":"INFO","message":"[5:20:14.643 PM]: Trying to initialize Easy Logging"}
{"level":"INFO","message":"[5:20:14.647 PM]: No client config detected."}
{"level":"INFO","message":"[5:20:14.647 PM]: No config file path found. Client config will not be used."}
{"level":"INFO","message":"[5:20:14.647 PM]: Easy Logging is disabled as no config has been found"}
{"level":"INFO","message":"[5:20:14.650 PM]: Connection[id: a572ff28-9014-4977-b0a3-cb7330ae353c] - connected successfully after 10.87 milliseconds"}
{"level":"INFO","message":"[5:20:15.102 PM]: Creating new connection object"}
{"level":"INFO","message":"[5:20:15.103 PM]: Creating Connection[id: ec4d17c2-e1d2-4918-a828-d9787cba7da1] with host: CUGFKKD-TT48942.snowflakecomputing.com, account: CUGFKKD-TT48942, accessUrl: https://CUGFKKD-TT48942.snowflakecomputing.com, user: ZAINEEL, role: undefined, database: undefined, schema: undefined, warehouse: COMPUTE_WH, proxy was not configured, password is not provided, region: undefined, authenticator: SNOWFLAKE_JWT, ocsp mode: FAIL_OPEN, os: darwin, os version: 25.0.0"}
{"level":"INFO","message":"[5:20:15.103 PM]: Connection[id: ec4d17c2-e1d2-4918-a828-d9787cba7da1] additional details: passcode in password is provided, passcode is not provided, private key is provided, application: undefined, client name: snowflake-sdk, client version: 2.3.1, retry timeout: 300, private key path: undefined, private key pass is not provided, client store temporary credential: false, browser response timeout: 120000"}
{"level":"INFO","message":"[5:20:15.103 PM]: Connection[id: ec4d17c2-e1d2-4918-a828-d9787cba7da1] - connection object created successfully."}
{"level":"INFO","message":"[5:20:15.103 PM]: Connection[id: ec4d17c2-e1d2-4918-a828-d9787cba7da1] - connecting. Associated Snowflake domain: GLOBAL"}
{"level":"INFO","message":"[5:20:15.106 PM]: Connection[id: ec4d17c2-e1d2-4918-a828-d9787cba7da1] - authentication successful using: SNOWFLAKE_JWT"}
{"level":"INFO","message":"[5:20:15.107 PM]: Connection[id: ec4d17c2-e1d2-4918-a828-d9787cba7da1] - connected successfully after 3.42 milliseconds"}
{"level":"INFO","message":"[5:20:15.598 PM]: Creating new connection object"}
{"level":"INFO","message":"[5:20:15.598 PM]: Creating Connection[id: 8706ab67-15d9-4fa4-8f42-333be208bc75] with host: CUGFKKD-TT48942.snowflakecomputing.com, account: CUGFKKD-TT48942, accessUrl: https://CUGFKKD-TT48942.snowflakecomputing.com, user: ZAINEEL, role: undefined, database: undefined, schema: undefined, warehouse: COMPUTE_WH, proxy was not configured, password is not provided, region: undefined, authenticator: SNOWFLAKE_JWT, ocsp mode: FAIL_OPEN, os: darwin, os version: 25.0.0"}
{"level":"INFO","message":"[5:20:15.599 PM]: Connection[id: 8706ab67-15d9-4fa4-8f42-333be208bc75] additional details: passcode in password is provided, passcode is not provided, private key is provided, application: undefined, client name: snowflake-sdk, client version: 2.3.1, retry timeout: 300, private key path: undefined, private key pass is not provided, client store temporary credential: false, browser response timeout: 120000"}
{"level":"INFO","message":"[5:20:15.599 PM]: Connection[id: 8706ab67-15d9-4fa4-8f42-333be208bc75] - connection object created successfully."}
{"level":"INFO","message":"[5:20:15.599 PM]: Connection[id: 8706ab67-15d9-4fa4-8f42-333be208bc75] - connecting. Associated Snowflake domain: GLOBAL"}
{"level":"INFO","message":"[5:20:15.602 PM]: Connection[id: 8706ab67-15d9-4fa4-8f42-333be208bc75] - authentication successful using: SNOWFLAKE_JWT"}
{"level":"INFO","message":"[5:20:15.602 PM]: Connection[id: 8706ab67-15d9-4fa4-8f42-333be208bc75] - connected successfully after 3.35 milliseconds"}
{"level":"INFO","message":"[5:20:15.958 PM]: Creating new connection object"}
{"level":"INFO","message":"[5:20:15.958 PM]: Creating Connection[id: 625e24cd-0fd6-47f9-87de-bf06da88db90] with host: CUGFKKD-TT48942.snowflakecomputing.com, account: CUGFKKD-TT48942, accessUrl: https://CUGFKKD-TT48942.snowflakecomputing.com, user: ZAINEEL, role: undefined, database: undefined, schema: undefined, warehouse: COMPUTE_WH, proxy was not configured, password is not provided, region: undefined, authenticator: SNOWFLAKE_JWT, ocsp mode: FAIL_OPEN, os: darwin, os version: 25.0.0"}
{"level":"INFO","message":"[5:20:15.959 PM]: Connection[id: 625e24cd-0fd6-47f9-87de-bf06da88db90] additional details: passcode in password is provided, passcode is not provided, private key is provided, application: undefined, client name: snowflake-sdk, client version: 2.3.1, retry timeout: 300, private key path: undefined, private key pass is not provided, client store temporary credential: false, browser response timeout: 120000"}
{"level":"INFO","message":"[5:20:15.959 PM]: Connection[id: 625e24cd-0fd6-47f9-87de-bf06da88db90] - connection object created successfully."}
{"level":"INFO","message":"[5:20:15.959 PM]: Connection[id: 625e24cd-0fd6-47f9-87de-bf06da88db90] - connecting. Associated Snowflake domain: GLOBAL"}
{"level":"INFO","message":"[5:20:15.963 PM]: Connection[id: 625e24cd-0fd6-47f9-87de-bf06da88db90] - authentication successful using: SNOWFLAKE_JWT"}
{"level":"INFO","message":"[5:20:15.963 PM]: Connection[id: 625e24cd-0fd6-47f9-87de-bf06da88db90] - connected successfully after 4.58 milliseconds"}
{"level":"INFO","message":"[5:21:54.447 PM]: Creating new connection object"}
{"level":"INFO","message":"[5:21:54.456 PM]: Creating Connection[id: 69bb8e8f-be93-48e8-839a-b6d3a0edb88a] with host: CUGFKKD-TT48942.snowflakecomputing.com, account: CUGFKKD-TT48942, accessUrl: https://CUGFKKD-TT48942.snowflakecomputing.com, user: ZAINEEL, role: undefined, database: undefined, schema: undefined, warehouse: COMPUTE_WH, proxy was not configured, password is not provided, region: undefined, authenticator: SNOWFLAKE_JWT, ocsp mode: FAIL_OPEN, os: darwin, os version: 25.0.0"}
{"level":"INFO","message":"[5:21:54.456 PM]: Connection[id: 69bb8e8f-be93-48e8-839a-b6d3a0edb88a] additional details: passcode in password is provided, passcode is not provided, private key is provided, application: undefined, client name: snowflake-sdk, client version: 2.3.1, retry timeout: 300, private key path: undefined, private key pass is not provided, client store temporary credential: false, browser response timeout: 120000"}
{"level":"INFO","message":"[5:21:54.456 PM]: Connection[id: 69bb8e8f-be93-48e8-839a-b6d3a0edb88a] - connection object created successfully."}
{"level":"INFO","message":"[5:21:54.456 PM]: Connection[id: 69bb8e8f-be93-48e8-839a-b6d3a0edb88a] - connecting. Associated Snowflake domain: GLOBAL"}
{"level":"INFO","message":"[5:21:54.461 PM]: Connection[id: 69bb8e8f-be93-48e8-839a-b6d3a0edb88a] - authentication successful using: SNOWFLAKE_JWT"}
{"level":"INFO","message":"[5:21:54.461 PM]: Trying to initialize Easy Logging"}
{"level":"INFO","message":"[5:21:54.463 PM]: No client config detected."}
{"level":"INFO","message":"[5:21:54.463 PM]: No config file path found. Client config will not be used."}
{"level":"INFO","message":"[5:21:54.463 PM]: Easy Logging is disabled as no config has been found"}
{"level":"INFO","message":"[5:21:54.465 PM]: Connection[id: 69bb8e8f-be93-48e8-839a-b6d3a0edb88a] - connected successfully after 9.03 milliseconds"}
{"level":"INFO","message":"[5:21:54.980 PM]: Creating new connection object"}
{"level":"INFO","message":"[5:21:54.981 PM]: Creating Connection[id: c65f2b55-e90e-42dc-a518-74ff6b871fcb] with host: CUGFKKD-TT48942.snowflakecomputing.com, account: CUGFKKD-TT48942, accessUrl: https://CUGFKKD-TT48942.snowflakecomputing.com, user: ZAINEEL, role: undefined, database: undefined, schema: undefined, warehouse: COMPUTE_WH, proxy was not configured, password is not provided, region: undefined, authenticator: SNOWFLAKE_JWT, ocsp mode: FAIL_OPEN, os: darwin, os version: 25.0.0"}
{"level":"INFO","message":"[5:21:54.981 PM]: Connection[id: c65f2b55-e90e-42dc-a518-74ff6b871fcb] additional details: passcode in password is provided, passcode is not provided, private key is provided, application: undefined, client name: snowflake-sdk, client version: 2.3.1, retry timeout: 300, private key path: undefined, private key pass is not provided, client store temporary credential: false, browser response timeout: 120000"}
{"level":"INFO","message":"[5:21:54.981 PM]: Connection[id: c65f2b55-e90e-42dc-a518-74ff6b871fcb] - connection object created successfully."}
{"level":"INFO","message":"[5:21:54.981 PM]: Connection[id: c65f2b55-e90e-42dc-a518-74ff6b871fcb] - connecting. Associated Snowflake domain: GLOBAL"}
{"level":"INFO","message":"[5:21:54.984 PM]: Connection[id: c65f2b55-e90e-42dc-a518-74ff6b871fcb] - authentication successful using: SNOWFLAKE_JWT"}
{"level":"INFO","message":"[5:21:54.984 PM]: Connection[id: c65f2b55-e90e-42dc-a518-74ff6b871fcb] - connected successfully after 2.81 milliseconds"}
{"level":"INFO","message":"[5:21:55.737 PM]: Creating new connection object"}
{"level":"INFO","message":"[5:21:55.738 PM]: Creating Connection[id: 8557811f-38e1-4ff6-be7c-b14e86acaa41] with host: CUGFKKD-TT48942.snowflakecomputing.com, account: CUGFKKD-TT48942, accessUrl: https://CUGFKKD-TT48942.snowflakecomputing.com, user: ZAINEEL, role: undefined, database: undefined, schema: undefined, warehouse: COMPUTE_WH, proxy was not configured, password is not provided, region: undefined, authenticator: SNOWFLAKE_JWT, ocsp mode: FAIL_OPEN, os: darwin, os version: 25.0.0"}
{"level":"INFO","message":"[5:21:55.738 PM]: Connection[id: 8557811f-38e1-4ff6-be7c-b14e86acaa41] additional details: passcode in password is provided, passcode is not provided, private key is provided, application: undefined, client name: snowflake-sdk, client version: 2.3.1, retry timeout: 300, private key path: undefined, private key pass is not provided, client store temporary credential: false, browser response timeout: 120000"}
{"level":"INFO","message":"[5:21:55.738 PM]: Connection[id: 8557811f-38e1-4ff6-be7c-b14e86acaa41] - connection object created successfully."}
{"level":"INFO","message":"[5:21:55.739 PM]: Connection[id: 8557811f-38e1-4ff6-be7c-b14e86acaa41] - connecting. Associated Snowflake domain: GLOBAL"}
{"level":"INFO","message":"[5:21:55.743 PM]: Connection[id: 8557811f-38e1-4ff6-be7c-b14e86acaa41] - authentication successful using: SNOWFLAKE_JWT"}
{"level":"INFO","message":"[5:21:55.744 PM]: Connection[id: 8557811f-38e1-4ff6-be7c-b14e86acaa41] - connected successfully after 5.26 milliseconds"}
{"level":"INFO","message":"[5:21:56.153 PM]: Creating new connection object"}
{"level":"INFO","message":"[5:21:56.153 PM]: Creating Connection[id: cfa273f5-0941-4171-aceb-eff31ef3e629] with host: CUGFKKD-TT48942.snowflakecomputing.com, account: CUGFKKD-TT48942, accessUrl: https://CUGFKKD-TT48942.snowflakecomputing.com, user: ZAINEEL, role: undefined, database: undefined, schema: undefined, warehouse: COMPUTE_WH, proxy was not configured, password is not provided, region: undefined, authenticator: SNOWFLAKE_JWT, ocsp mode: FAIL_OPEN, os: darwin, os version: 25.0.0"}
{"level":"INFO","message":"[5:21:56.153 PM]: Connection[id: cfa273f5-0941-4171-aceb-eff31ef3e629] additional details: passcode in password is provided, passcode is not provided, private key is provided, application: undefined, client name: snowflake-sdk, client version: 2.3.1, retry timeout: 300, private key path: undefined, private key pass is not provided, client store temporary credential: false, browser response timeout: 120000"}
{"level":"INFO","message":"[5:21:56.153 PM]: Connection[id: cfa273f5-0941-4171-aceb-eff31ef3e629] - connection object created successfully."}
{"level":"INFO","message":"[5:21:56.153 PM]: Connection[id: cfa273f5-0941-4171-aceb-eff31ef3e629] - connecting. Associated Snowflake domain: GLOBAL"}
{"level":"INFO","message":"[5:21:56.157 PM]: Connection[id: cfa273f5-0941-4171-aceb-eff31ef3e629] - authentication successful using: SNOWFLAKE_JWT"}
{"level":"INFO","message":"[5:21:56.157 PM]: Connection[id: cfa273f5-0941-4171-aceb-eff31ef3e629] - connected successfully after 3.81 milliseconds"}
{"level":"INFO","message":"[5:22:06.434 PM]: Creating new connection object"}
{"level":"INFO","message":"[5:22:06.443 PM]: Creating Connection[id: 567c9717-8df8-4312-b967-d64f2ad92749] with host: CUGFKKD-TT48942.snowflakecomputing.com, account: CUGFKKD-TT48942, accessUrl: https://CUGFKKD-TT48942.snowflakecomputing.com, user: ZAINEEL, role: undefined, database: undefined, schema: undefined, warehouse: COMPUTE_WH, proxy was not configured, password is not provided, region: undefined, authenticator: SNOWFLAKE_JWT, ocsp mode: FAIL_OPEN, os: darwin, os version: 25.0.0"}
{"level":"INFO","message":"[5:22:06.443 PM]: Connection[id: 567c9717-8df8-4312-b967-d64f2ad92749] additional details: passcode in password is provided, passcode is not provided, private key is provided, application: undefined, client name: snowflake-sdk, client version: 2.3.1, retry timeout: 300, private key path: undefined, private key pass is not provided, client store temporary credential: false, browser response timeout: 120000"}
{"level":"INFO","message":"[5:22:06.444 PM]: Connection[id: 567c9717-8df8-4312-b967-d64f2ad92749] - connection object created successfully."}
{"level":"INFO","message":"[5:22:06.444 PM]: Connection[id: 567c9717-8df8-4312-b967-d64f2ad92749] - connecting. Associated Snowflake domain: GLOBAL"}
{"level":"INFO","message":"[5:22:06.448 PM]: Connection[id: 567c9717-8df8-4312-b967-d64f2ad92749] - authentication successful using: SNOWFLAKE_JWT"}
{"level":"INFO","message":"[5:22:06.449 PM]: Trying to initialize Easy Logging"}
{"level":"INFO","message":"[5:22:06.450 PM]: No client config detected."}
{"level":"INFO","message":"[5:22:06.451 PM]: No config file path found. Client config will not be used."}
{"level":"INFO","message":"[5:22:06.451 PM]: Easy Logging is disabled as no config has been found"}
{"level":"INFO","message":"[5:22:06.453 PM]: Connection[id: 567c9717-8df8-4312-b967-d64f2ad92749] - connected successfully after 9.03 milliseconds"}
{"level":"INFO","message":"[5:22:06.953 PM]: Creating new connection object"}
{"level":"INFO","message":"[5:22:06.953 PM]: Creating Connection[id: e2813b80-3516-4183-942d-9abeb989a471] with host: CUGFKKD-TT48942.snowflakecomputing.com, account: CUGFKKD-TT48942, accessUrl: https://CUGFKKD-TT48942.snowflakecomputing.com, user: ZAINEEL, role: undefined, database: undefined, schema: undefined, warehouse: COMPUTE_WH, proxy was not configured, password is not provided, region: undefined, authenticator: SNOWFLAKE_JWT, ocsp mode: FAIL_OPEN, os: darwin, os version: 25.0.0"}
{"level":"INFO","message":"[5:22:06.954 PM]: Connection[id: e2813b80-3516-4183-942d-9abeb989a471] additional details: passcode in password is provided, passcode is not provided, private key is provided, application: undefined, client name: snowflake-sdk, client version: 2.3.1, retry timeout: 300, private key path: undefined, private key pass is not provided, client store temporary credential: false, browser response timeout: 120000"}
{"level":"INFO","message":"[5:22:06.954 PM]: Connection[id: e2813b80-3516-4183-942d-9abeb989a471] - connection object created successfully."}
{"level":"INFO","message":"[5:22:06.954 PM]: Connection[id: e2813b80-3516-4183-942d-9abeb989a471] - connecting. Associated Snowflake domain: GLOBAL"}
{"level":"INFO","message":"[5:22:06.957 PM]: Connection[id: e2813b80-3516-4183-942d-9abeb989a471] - authentication successful using: SNOWFLAKE_JWT"}
{"level":"INFO","message":"[5:22:06.959 PM]: Connection[id: e2813b80-3516-4183-942d-9abeb989a471] - connected successfully after 4.78 milliseconds"}
{"level":"INFO","message":"[5:22:07.597 PM]: Creating new connection object"}
{"level":"INFO","message":"[5:22:07.598 PM]: Creating Connection[id: 94929cee-528c-4c69-baa2-165e821cea27] with host: CUGFKKD-TT48942.snowflakecomputing.com, account: CUGFKKD-TT48942, accessUrl: https://CUGFKKD-TT48942.snowflakecomputing.com, user: ZAINEEL, role: undefined, database: undefined, schema: undefined, warehouse: COMPUTE_WH, proxy was not configured, password is not provided, region: undefined, authenticator: SNOWFLAKE_JWT, ocsp mode: FAIL_OPEN, os: darwin, os version: 25.0.0"}
{"level":"INFO","message":"[5:22:07.598 PM]: Connection[id: 94929cee-528c-4c69-baa2-165e821cea27] additional details: passcode in password is provided, passcode is not provided, private key is provided, application: undefined, client name: snowflake-sdk, client version: 2.3.1, retry timeout: 300, private key path: undefined, private key pass is not provided, client store temporary credential: false, browser response timeout: 120000"}
{"level":"INFO","message":"[5:22:07.598 PM]: Connection[id: 94929cee-528c-4c69-baa2-165e821cea27] - connection object created successfully."}
{"level":"INFO","message":"[5:22:07.598 PM]: Connection[id: 94929cee-528c-4c69-baa2-165e821cea27] - connecting. Associated Snowflake domain: GLOBAL"}
{"level":"INFO","message":"[5:22:07.603 PM]: Connection[id: 94929cee-528c-4c69-baa2-165e821cea27] - authentication successful using: SNOWFLAKE_JWT"}
{"level":"INFO","message":"[5:22:07.604 PM]: Connection[id: 94929cee-528c-4c69-baa2-165e821cea27] - connected successfully after 5.29 milliseconds"}
{"level":"INFO","message":"[5:22:08.087 PM]: Creating new connection object"}
{"level":"INFO","message":"[5:22:08.087 PM]: Creating Connection[id: cbe9224b-0855-42d2-8bf8-0a1df39f764b] with host: CUGFKKD-TT48942.snowflakecomputing.com, account: CUGFKKD-TT48942, accessUrl: https://CUGFKKD-TT48942.snowflakecomputing.com, user: ZAINEEL, role: undefined, database: undefined, schema: undefined, warehouse: COMPUTE_WH, proxy was not configured, password is not provided, region: undefined, authenticator: SNOWFLAKE_JWT, ocsp mode: FAIL_OPEN, os: darwin, os version: 25.0.0"}
{"level":"INFO","message":"[5:22:08.088 PM]: Connection[id: cbe9224b-0855-42d2-8bf8-0a1df39f764b] additional details: passcode in password is provided, passcode is not provided, private key is provided, application: undefined, client name: snowflake-sdk, client version: 2.3.1, retry timeout: 300, private key path: undefined, private key pass is not provided, client store temporary credential: false, browser response timeout: 120000"}
{"level":"INFO","message":"[5:22:08.088 PM]: Connection[id: cbe9224b-0855-42d2-8bf8-0a1df39f764b] - connection object created successfully."}
{"level":"INFO","message":"[5:22:08.088 PM]: Connection[id: cbe9224b-0855-42d2-8bf8-0a1df39f764b] - connecting. Associated Snowflake domain: GLOBAL"}
{"level":"INFO","message":"[5:22:08.092 PM]: Connection[id: cbe9224b-0855-42d2-8bf8-0a1df39f764b] - authentication successful using: SNOWFLAKE_JWT"}
{"level":"INFO","message":"[5:22:08.093 PM]: Connection[id: cbe9224b-0855-42d2-8bf8-0a1df39f764b] - connected successfully after 5.09 milliseconds"}
{"level":"INFO","message":"[5:22:26.300 PM]: Creating new connection object"}
{"level":"INFO","message":"[5:22:26.303 PM]: Creating Connection[id: bf8d7c80-14f6-4659-be1e-74ae6f219d6f] with host: CUGFKKD-TT48942.snowflakecomputing.com, account: CUGFKKD-TT48942, accessUrl: https://CUGFKKD-TT48942.snowflakecomputing.com, user: ZAINEEL, role: undefined, database: undefined, schema: undefined, warehouse: COMPUTE_WH, proxy was not configured, password is not provided, region: undefined, authenticator: SNOWFLAKE_JWT, ocsp mode: FAIL_OPEN, os: darwin, os version: 25.0.0"}
{"level":"INFO","message":"[5:22:26.303 PM]: Connection[id: bf8d7c80-14f6-4659-be1e-74ae6f219d6f] additional details: passcode in password is provided, passcode is not provided, private key is provided, application: undefined, client name: snowflake-sdk, client version: 2.3.1, retry timeout: 300, private key path: undefined, private key pass is not provided, client store temporary credential: false, browser response timeout: 120000"}
{"level":"INFO","message":"[5:22:26.306 PM]: Connection[id: bf8d7c80-14f6-4659-be1e-74ae6f219d6f] - connection object created successfully."}
{"level":"INFO","message":"[5:22:26.306 PM]: Connection[id: bf8d7c80-14f6-4659-be1e-74ae6f219d6f] - connecting. Associated Snowflake domain: GLOBAL"}
{"level":"INFO","message":"[5:22:26.311 PM]: Connection[id: bf8d7c80-14f6-4659-be1e-74ae6f219d6f] - authentication successful using: SNOWFLAKE_JWT"}
{"level":"INFO","message":"[5:22:26.312 PM]: Connection[id: bf8d7c80-14f6-4659-be1e-74ae6f219d6f] - connected successfully after 6.04 milliseconds"}
{"level":"INFO","message":"[5:41:18.760 PM]: Creating new connection object"}
{"level":"INFO","message":"[5:41:18.773 PM]: Creating Connection[id: 5ca02a6c-e3a3-4971-8188-d36bd36141fc] with host: CUGFKKD-TT48942.snowflakecomputing.com, account: CUGFKKD-TT48942, accessUrl: https://CUGFKKD-TT48942.snowflakecomputing.com, user: ZAINEEL, role: undefined, database: undefined, schema: undefined, warehouse: COMPUTE_WH, proxy was not configured, password is not provided, region: undefined, authenticator: SNOWFLAKE_JWT, ocsp mode: FAIL_OPEN, os: darwin, os version: 25.0.0"}
{"level":"INFO","message":"[5:41:18.773 PM]: Connection[id: 5ca02a6c-e3a3-4971-8188-d36bd36141fc] additional details: passcode in password is provided, passcode is not provided, private key is provided, application: undefined, client name: snowflake-sdk, client version: 2.3.1, retry timeout: 300, private key path: undefined, private key pass is not provided, client store temporary credential: false, browser response timeout: 120000"}
{"level":"INFO","message":"[5:41:18.774 PM]: Connection[id: 5ca02a6c-e3a3-4971-8188-d36bd36141fc] - connection object created successfully."}
{"level":"INFO","message":"[5:41:18.774 PM]: Connection[id: 5ca02a6c-e3a3-4971-8188-d36bd36141fc] - connecting. Associated Snowflake domain: GLOBAL"}
{"level":"INFO","message":"[5:41:18.782 PM]: Connection[id: 5ca02a6c-e3a3-4971-8188-d36bd36141fc] - authentication successful using: SNOWFLAKE_JWT"}
{"level":"INFO","message":"[5:41:18.782 PM]: Trying to initialize Easy Logging"}
{"level":"INFO","message":"[5:41:18.784 PM]: No client config detected."}
{"level":"INFO","message":"[5:41:18.785 PM]: No config file path found. Client config will not be used."}
{"level":"INFO","message":"[5:41:18.785 PM]: Easy Logging is disabled as no config has been found"}
{"level":"INFO","message":"[5:41:18.788 PM]: Connection[id: 5ca02a6c-e3a3-4971-8188-d36bd36141fc] - connected successfully after 13.78 milliseconds"}
{"level":"INFO","message":"[9:48:32.509 PM]: Creating new connection object"}
{"level":"INFO","message":"[9:48:32.523 PM]: Creating Connection[id: cacc94ba-e974-4ae4-9cc9-d2bcf45e1116] with host: CUGFKKD-TT48942.snowflakecomputing.com, account: CUGFKKD-TT48942, accessUrl: https://CUGFKKD-TT48942.snowflakecomputing.com, user: ZAINEEL, role: undefined, database: undefined, schema: undefined, warehouse: COMPUTE_WH, proxy was not configured, password is not provided, region: undefined, authenticator: SNOWFLAKE_JWT, ocsp mode: FAIL_OPEN, os: darwin, os version: 25.0.0"}
{"level":"INFO","message":"[9:48:32.524 PM]: Connection[id: cacc94ba-e974-4ae4-9cc9-d2bcf45e1116] additional details: passcode in password is provided, passcode is not provided, private key is provided, application: undefined, client name: snowflake-sdk, client version: 2.3.1, retry timeout: 300, private key path: undefined, private key pass is not provided, client store temporary credential: false, browser response timeout: 120000"}
{"level":"INFO","message":"[9:48:32.524 PM]: Connection[id: cacc94ba-e974-4ae4-9cc9-d2bcf45e1116] - connection object created successfully."}
{"level":"INFO","message":"[9:48:32.524 PM]: Connection[id: cacc94ba-e974-4ae4-9cc9-d2bcf45e1116] - connecting. Associated Snowflake domain: GLOBAL"}
{"level":"INFO","message":"[9:48:32.531 PM]: Creating new connection object"}
{"level":"INFO","message":"[9:48:32.532 PM]: Creating Connection[id: 86381a04-8884-4da4-9750-c9fa3df9a63a] with host: CUGFKKD-TT48942.snowflakecomputing.com, account: CUGFKKD-TT48942, accessUrl: https://CUGFKKD-TT48942.snowflakecomputing.com, user: ZAINEEL, role: undefined, database: undefined, schema: undefined, warehouse: COMPUTE_WH, proxy was not configured, password is not provided, region: undefined, authenticator: SNOWFLAKE_JWT, ocsp mode: FAIL_OPEN, os: darwin, os version: 25.0.0"}
{"level":"INFO","message":"[9:48:32.533 PM]: Connection[id: 86381a04-8884-4da4-9750-c9fa3df9a63a] additional details: passcode in password is provided, passcode is not provided, private key is provided, application: undefined, client name: snowflake-sdk, client version: 2.3.1, retry timeout: 300, private key path: undefined, private key pass is not provided, client store temporary credential: false, browser response timeout: 120000"}
{"level":"INFO","message":"[9:48:32.533 PM]: Connection[id: 86381a04-8884-4da4-9750-c9fa3df9a63a] - connection object created successfully."}
{"level":"INFO","message":"[9:48:32.533 PM]: Connection[id: 86381a04-8884-4da4-9750-c9fa3df9a63a] - connecting. Associated Snowflake domain: GLOBAL"}
{"level":"INFO","message":"[9:48:32.536 PM]: Creating new connection object"}
{"level":"INFO","message":"[9:48:32.536 PM]: Creating Connection[id: aac50d28-6b14-41bd-962a-f1d08aef28d5] with host: CUGFKKD-TT48942.snowflakecomputing.com, account: CUGFKKD-TT48942, accessUrl: https://CUGFKKD-TT48942.snowflakecomputing.com, user: ZAINEEL, role: undefined, database: undefined, schema: undefined, warehouse: COMPUTE_WH, proxy was not configured, password is not provided, region: undefined, authenticator: SNOWFLAKE_JWT, ocsp mode: FAIL_OPEN, os: darwin, os version: 25.0.0"}
{"level":"INFO","message":"[9:48:32.536 PM]: Connection[id: aac50d28-6b14-41bd-962a-f1d08aef28d5] additional details: passcode in password is provided, passcode is not provided, private key is provided, application: undefined, client name: snowflake-sdk, client version: 2.3.1, retry timeout: 300, private key path: undefined, private key pass is not provided, client store temporary credential: false, browser response timeout: 120000"}
{"level":"INFO","message":"[9:48:32.536 PM]: Connection[id: aac50d28-6b14-41bd-962a-f1d08aef28d5] - connection object created successfully."}
{"level":"INFO","message":"[9:48:32.536 PM]: Connection[id: aac50d28-6b14-41bd-962a-f1d08aef28d5] - connecting. Associated Snowflake domain: GLOBAL"}
{"level":"INFO","message":"[9:48:32.539 PM]: Creating new connection object"}
{"level":"INFO","message":"[9:48:32.539 PM]: Creating Connection[id: f154c4b6-0594-400f-a6ce-3fe53240ad52] with host: CUGFKKD-TT48942.snowflakecomputing.com, account: CUGFKKD-TT48942, accessUrl: https://CUGFKKD-TT48942.snowflakecomputing.com, user: ZAINEEL, role: undefined, database: undefined, schema: undefined, warehouse: COMPUTE_WH, proxy was not configured, password is not provided, region: undefined, authenticator: SNOWFLAKE_JWT, ocsp mode: FAIL_OPEN, os: darwin, os version: 25.0.0"}
{"level":"INFO","message":"[9:48:32.539 PM]: Connection[id: f154c4b6-0594-400f-a6ce-3fe53240ad52] additional details: passcode in password is provided, passcode is not provided, private key is provided, application: undefined, client name: snowflake-sdk, client version: 2.3.1, retry timeout: 300, private key path: undefined, private key pass is not provided, client store temporary credential: false, browser response timeout: 120000"}
{"level":"INFO","message":"[9:48:32.539 PM]: Connection[id: f154c4b6-0594-400f-a6ce-3fe53240ad52] - connection object created successfully."}
{"level":"INFO","message":"[9:48:32.539 PM]: Connection[id: f154c4b6-0594-400f-a6ce-3fe53240ad52] - connecting. Associated Snowflake domain: GLOBAL"}
{"level":"INFO","message":"[9:48:32.541 PM]: Connection[id: cacc94ba-e974-4ae4-9cc9-d2bcf45e1116] - authentication successful using: SNOWFLAKE_JWT"}
{"level":"INFO","message":"[9:48:32.541 PM]: Trying to initialize Easy Logging"}
{"level":"INFO","message":"[9:48:32.542 PM]: Connection[id: 86381a04-8884-4da4-9750-c9fa3df9a63a] - authentication successful using: SNOWFLAKE_JWT"}
{"level":"INFO","message":"[9:48:32.542 PM]: Trying to initialize Easy Logging"}
{"level":"INFO","message":"[9:48:32.542 PM]: Connection[id: aac50d28-6b14-41bd-962a-f1d08aef28d5] - authentication successful using: SNOWFLAKE_JWT"}
{"level":"INFO","message":"[9:48:32.542 PM]: Trying to initialize Easy Logging"}
{"level":"INFO","message":"[9:48:32.542 PM]: Connection[id: f154c4b6-0594-400f-a6ce-3fe53240ad52] - authentication successful using: SNOWFLAKE_JWT"}
{"level":"INFO","message":"[9:48:32.542 PM]: Trying to initialize Easy Logging"}
{"level":"INFO","message":"[9:48:32.544 PM]: No client config detected."}
{"level":"INFO","message":"[9:48:32.545 PM]: No config file path found. Client config will not be used."}
{"level":"INFO","message":"[9:48:32.545 PM]: Easy Logging is disabled as no config has been found"}
{"level":"INFO","message":"[9:48:32.547 PM]: Connection[id: cacc94ba-e974-4ae4-9cc9-d2bcf45e1116] - connected successfully after 22.53 milliseconds"}
{"level":"INFO","message":"[9:48:32.551 PM]: No client config detected."}
{"level":"INFO","message":"[9:48:32.551 PM]: No config file path found. Client config will not be used."}
{"level":"INFO","message":"[9:48:32.551 PM]: Easy Logging is disabled as no config has been found"}
{"level":"INFO","message":"[9:48:32.552 PM]: Connection[id: aac50d28-6b14-41bd-962a-f1d08aef28d5] - connected successfully after 15.34 milliseconds"}
{"level":"INFO","message":"[9:48:32.553 PM]: No client config detected."}
{"level":"INFO","message":"[9:48:32.553 PM]: No config file path found. Client config will not be used."}
{"level":"INFO","message":"[9:48:32.553 PM]: Easy Logging is disabled as no config has been found"}
{"level":"INFO","message":"[9:48:32.553 PM]: Connection[id: 86381a04-8884-4da4-9750-c9fa3df9a63a] - connected successfully after 20.12 milliseconds"}
{"level":"INFO","message":"[9:48:32.555 PM]: No client config detected."}
{"level":"INFO","message":"[9:48:32.555 PM]: No config file path found. Client config will not be used."}
{"level":"INFO","message":"[9:48:32.555 PM]: Easy Logging is disabled as no config has been found"}
{"level":"INFO","message":"[9:48:32.555 PM]: Connection[id: f154c4b6-0594-400f-a6ce-3fe53240ad52] - connected successfully after 16.11 milliseconds"}
{"level":"INFO","message":"[9:48:39.239 PM]: Creating new connection object"}
{"level":"INFO","message":"[9:48:39.240 PM]: Creating Connection[id: 82d3dab4-21e9-4d46-bc7d-2eed3c5bf34b] with host: CUGFKKD-TT48942.snowflakecomputing.com, account: CUGFKKD-TT48942, accessUrl: https://CUGFKKD-TT48942.snowflakecomputing.com, user: ZAINEEL, role: undefined, database: undefined, schema: undefined, warehouse: COMPUTE_WH, proxy was not configured, password is not provided, region: undefined, authenticator: SNOWFLAKE_JWT, ocsp mode: FAIL_OPEN, os: darwin, os version: 25.0.0"}
{"level":"INFO","message":"[9:48:39.241 PM]: Connection[id: 82d3dab4-21e9-4d46-bc7d-2eed3c5bf34b] additional details: passcode in password is provided, passcode is not provided, private key is provided, application: undefined, client name: snowflake-sdk, client version: 2.3.1, retry timeout: 300, private key path: undefined, private key pass is not provided, client store temporary credential: false, browser response timeout: 120000"}
{"level":"INFO","message":"[9:48:39.241 PM]: Connection[id: 82d3dab4-21e9-4d46-bc7d-2eed3c5bf34b] - connection object created successfully."}
{"level":"INFO","message":"[9:48:39.241 PM]: Connection[id: 82d3dab4-21e9-4d46-bc7d-2eed3c5bf34b] - connecting. Associated Snowflake domain: GLOBAL"}
{"level":"INFO","message":"[9:48:39.246 PM]: Connection[id: 82d3dab4-21e9-4d46-bc7d-2eed3c5bf34b] - authentication successful using: SNOWFLAKE_JWT"}
{"level":"INFO","message":"[9:48:39.247 PM]: Connection[id: 82d3dab4-21e9-4d46-bc7d-2eed3c5bf34b] - connected successfully after 6.25 milliseconds"}
{"level":"INFO","message":"[10:03:20.339 PM]: Creating new connection object"}
{"level":"INFO","message":"[10:03:20.363 PM]: Creating Connection[id: 1f93902a-e981-415a-a561-6b6b7a41bce0] with host: CUGFKKD-TT48942.snowflakecomputing.com, account: CUGFKKD-TT48942, accessUrl: https://CUGFKKD-TT48942.snowflakecomputing.com, user: ZAINEEL, role: undefined, database: undefined, schema: undefined, warehouse: COMPUTE_WH, proxy was not configured, password is not provided, region: undefined, authenticator: SNOWFLAKE_JWT, ocsp mode: FAIL_OPEN, os: darwin, os version: 25.0.0"}
{"level":"INFO","message":"[10:03:20.364 PM]: Connection[id: 1f93902a-e981-415a-a561-6b6b7a41bce0] additional details: passcode in password is provided, passcode is not provided, private key is provided, application: undefined, client name: snowflake-sdk, client version: 2.3.1, retry timeout: 300, private key path: undefined, private key pass is not provided, client store temporary credential: false, browser response timeout: 120000"}
{"level":"INFO","message":"[10:03:20.365 PM]: Connection[id: 1f93902a-e981-415a-a561-6b6b7a41bce0] - connection object created successfully."}
{"level":"INFO","message":"[10:03:20.366 PM]: Connection[id: 1f93902a-e981-415a-a561-6b6b7a41bce0] - connecting. Associated Snowflake domain: GLOBAL"}
{"level":"INFO","message":"[10:03:20.377 PM]: Creating new connection object"}
{"level":"INFO","message":"[10:03:20.378 PM]: Creating Connection[id: 363a6644-6bb0-4d5f-ab35-ce3599931f34] with host: CUGFKKD-TT48942.snowflakecomputing.com, account: CUGFKKD-TT48942, accessUrl: https://CUGFKKD-TT48942.snowflakecomputing.com, user: ZAINEEL, role: undefined, database: undefined, schema: undefined, warehouse: COMPUTE_WH, proxy was not configured, password is not provided, region: undefined, authenticator: SNOWFLAKE_JWT, ocsp mode: FAIL_OPEN, os: darwin, os version: 25.0.0"}
{"level":"INFO","message":"[10:03:20.378 PM]: Connection[id: 363a6644-6bb0-4d5f-ab35-ce3599931f34] additional details: passcode in password is provided, passcode is not provided, private key is provided, application: undefined, client name: snowflake-sdk, client version: 2.3.1, retry timeout: 300, private key path: undefined, private key pass is not provided, client store temporary credential: false, browser response timeout: 120000"}
{"level":"INFO","message":"[10:03:20.378 PM]: Connection[id: 363a6644-6bb0-4d5f-ab35-ce3599931f34] - connection object created successfully."}
{"level":"INFO","message":"[10:03:20.378 PM]: Connection[id: 363a6644-6bb0-4d5f-ab35-ce3599931f34] - connecting. Associated Snowflake domain: GLOBAL"}
{"level":"INFO","message":"[10:03:20.380 PM]: Creating new connection object"}
{"level":"INFO","message":"[10:03:20.381 PM]: Creating Connection[id: 4169d133-1a99-4e42-9984-7e5346166ad3] with host: CUGFKKD-TT48942.snowflakecomputing.com, account: CUGFKKD-TT48942, accessUrl: https://CUGFKKD-TT48942.snowflakecomputing.com, user: ZAINEEL, role: undefined, database: undefined, schema: undefined, warehouse: COMPUTE_WH, proxy was not configured, password is not provided, region: undefined, authenticator: SNOWFLAKE_JWT, ocsp mode: FAIL_OPEN, os: darwin, os version: 25.0.0"}
{"level":"INFO","message":"[10:03:20.381 PM]: Connection[id: 4169d133-1a99-4e42-9984-7e5346166ad3] additional details: passcode in password is provided, passcode is not provided, private key is provided, application: undefined, client name: snowflake-sdk, client version: 2.3.1, retry timeout: 300, private key path: undefined, private key pass is not provided, client store temporary credential: false, browser response timeout: 120000"}
{"level":"INFO","message":"[10:03:20.383 PM]: Connection[id: 4169d133-1a99-4e42-9984-7e5346166ad3] - connection object created successfully."}
{"level":"INFO","message":"[10:03:20.383 PM]: Connection[id: 4169d133-1a99-4e42-9984-7e5346166ad3] - connecting. Associated Snowflake domain: GLOBAL"}
{"level":"INFO","message":"[10:03:20.385 PM]: Creating new connection object"}
{"level":"INFO","message":"[10:03:20.385 PM]: Creating Connection[id: 282e91f1-85e0-4f88-80d9-a6dd07fcd4db] with host: CUGFKKD-TT48942.snowflakecomputing.com, account: CUGFKKD-TT48942, accessUrl: https://CUGFKKD-TT48942.snowflakecomputing.com, user: ZAINEEL, role: undefined, database: undefined, schema: undefined, warehouse: COMPUTE_WH, proxy was not configured, password is not provided, region: undefined, authenticator: SNOWFLAKE_JWT, ocsp mode: FAIL_OPEN, os: darwin, os version: 25.0.0"}
{"level":"INFO","message":"[10:03:20.385 PM]: Connection[id: 282e91f1-85e0-4f88-80d9-a6dd07fcd4db] additional details: passcode in password is provided, passcode is not provided, private key is provided, application: undefined, client name: snowflake-sdk, client version: 2.3.1, retry timeout: 300, private key path: undefined, private key pass is not provided, client store temporary credential: false, browser response timeout: 120000"}
{"level":"INFO","message":"[10:03:20.385 PM]: Connection[id: 282e91f1-85e0-4f88-80d9-a6dd07fcd4db] - connection object created successfully."}
{"level":"INFO","message":"[10:03:20.385 PM]: Connection[id: 282e91f1-85e0-4f88-80d9-a6dd07fcd4db] - connecting. Associated Snowflake domain: GLOBAL"}
{"level":"INFO","message":"[10:03:20.387 PM]: Connection[id: 1f93902a-e981-415a-a561-6b6b7a41bce0] - authentication successful using: SNOWFLAKE_JWT"}
{"level":"INFO","message":"[10:03:20.388 PM]: Connection[id: 363a6644-6bb0-4d5f-ab35-ce3599931f34] - authentication successful using: SNOWFLAKE_JWT"}
{"level":"INFO","message":"[10:03:20.388 PM]: Connection[id: 4169d133-1a99-4e42-9984-7e5346166ad3] - authentication successful using: SNOWFLAKE_JWT"}
{"level":"INFO","message":"[10:03:20.388 PM]: Connection[id: 282e91f1-85e0-4f88-80d9-a6dd07fcd4db] - authentication successful using: SNOWFLAKE_JWT"}
{"level":"INFO","message":"[10:03:20.389 PM]: Connection[id: 1f93902a-e981-415a-a561-6b6b7a41bce0] - connected successfully after 22.94 milliseconds"}
{"level":"INFO","message":"[10:03:20.390 PM]: Connection[id: 363a6644-6bb0-4d5f-ab35-ce3599931f34] - connected successfully after 11.98 milliseconds"}
{"level":"INFO","message":"[10:03:20.390 PM]: Connection[id: 4169d133-1a99-4e42-9984-7e5346166ad3] - connected successfully after 7.4 milliseconds"}
{"level":"INFO","message":"[10:03:20.390 PM]: Connection[id: 282e91f1-85e0-4f88-80d9-a6dd07fcd4db] - connected successfully after 5.03 milliseconds"}
{"level":"INFO","message":"[10:03:26.462 PM]: Creating new connection object"}
{"level":"INFO","message":"[10:03:26.463 PM]: Creating Connection[id: 86a0878e-e27a-4946-a5e4-7928941e1b69] with host: CUGFKKD-TT48942.snowflakecomputing.com, account: CUGFKKD-TT48942, accessUrl: https://CUGFKKD-TT48942.snowflakecomputing.com, user: ZAINEEL, role: undefined, database: undefined, schema: undefined, warehouse: COMPUTE_WH, proxy was not configured, password is not provided, region: undefined, authenticator: SNOWFLAKE_JWT, ocsp mode: FAIL_OPEN, os: darwin, os version: 25.0.0"}
{"level":"INFO","message":"[10:03:26.463 PM]: Connection[id: 86a0878e-e27a-4946-a5e4-7928941e1b69] additional details: passcode in password is provided, passcode is not provided, private key is provided, application: undefined, client name: snowflake-sdk, client version: 2.3.1, retry timeout: 300, private key path: undefined, private key pass is not provided, client store temporary credential: false, browser response timeout: 120000"}
{"level":"INFO","message":"[10:03:26.464 PM]: Connection[id: 86a0878e-e27a-4946-a5e4-7928941e1b69] - connection object created successfully."}
{"level":"INFO","message":"[10:03:26.464 PM]: Connection[id: 86a0878e-e27a-4946-a5e4-7928941e1b69] - connecting. Associated Snowflake domain: GLOBAL"}
{"level":"INFO","message":"[10:03:26.468 PM]: Connection[id: 86a0878e-e27a-4946-a5e4-7928941e1b69] - authentication successful using: SNOWFLAKE_JWT"}
{"level":"INFO","message":"[10:03:26.469 PM]: Connection[id: 86a0878e-e27a-4946-a5e4-7928941e1b69] - connected successfully after 5.83 milliseconds"}
{"level":"INFO","message":"[10:13:01.189 PM]: Creating new connection object"}
{"level":"INFO","message":"[10:13:01.192 PM]: Creating Connection[id: 920990a2-0f12-405c-802e-8f0e02257b97] with host: CUGFKKD-TT48942.snowflakecomputing.com, account: CUGFKKD-TT48942, accessUrl: https://CUGFKKD-TT48942.snowflakecomputing.com, user: ZAINEEL, role: undefined, database: undefined, schema: undefined, warehouse: COMPUTE_WH, proxy was not configured, password is not provided, region: undefined, authenticator: SNOWFLAKE_JWT, ocsp mode: FAIL_OPEN, os: darwin, os version: 25.0.0"}
{"level":"INFO","message":"[10:13:01.193 PM]: Connection[id: 920990a2-0f12-405c-802e-8f0e02257b97] additional details: passcode in password is provided, passcode is not provided, private key is provided, application: undefined, client name: snowflake-sdk, client version: 2.3.1, retry timeout: 300, private key path: undefined, private key pass is not provided, client store temporary credential: false, browser response timeout: 120000"}
{"level":"INFO","message":"[10:13:01.193 PM]: Connection[id: 920990a2-0f12-405c-802e-8f0e02257b97] - connection object created successfully."}
{"level":"INFO","message":"[10:13:01.193 PM]: Connection[id: 920990a2-0f12-405c-802e-8f0e02257b97] - connecting. Associated Snowflake domain: GLOBAL"}
{"level":"INFO","message":"[10:13:01.199 PM]: Creating new connection object"}
{"level":"INFO","message":"[10:13:01.200 PM]: Creating Connection[id: 1075261e-0471-49b7-bf82-a0c2c0cb7e9c] with host: CUGFKKD-TT48942.snowflakecomputing.com, account: CUGFKKD-TT48942, accessUrl: https://CUGFKKD-TT48942.snowflakecomputing.com, user: ZAINEEL, role: undefined, database: undefined, schema: undefined, warehouse: COMPUTE_WH, proxy was not configured, password is not provided, region: undefined, authenticator: SNOWFLAKE_JWT, ocsp mode: FAIL_OPEN, os: darwin, os version: 25.0.0"}
{"level":"INFO","message":"[10:13:01.200 PM]: Connection[id: 1075261e-0471-49b7-bf82-a0c2c0cb7e9c] additional details: passcode in password is provided, passcode is not provided, private key is provided, application: undefined, client name: snowflake-sdk, client version: 2.3.1, retry timeout: 300, private key path: undefined, private key pass is not provided, client store temporary credential: false, browser response timeout: 120000"}
{"level":"INFO","message":"[10:13:01.201 PM]: Connection[id: 1075261e-0471-49b7-bf82-a0c2c0cb7e9c] - connection object created successfully."}
{"level":"INFO","message":"[10:13:01.201 PM]: Connection[id: 1075261e-0471-49b7-bf82-a0c2c0cb7e9c] - connecting. Associated Snowflake domain: GLOBAL"}
{"level":"INFO","message":"[10:13:01.205 PM]: Creating new connection object"}
{"level":"INFO","message":"[10:13:01.205 PM]: Creating Connection[id: 884b2af7-43c7-4f1a-9f78-e7af452a9bf5] with host: CUGFKKD-TT48942.snowflakecomputing.com, account: CUGFKKD-TT48942, accessUrl: https://CUGFKKD-TT48942.snowflakecomputing.com, user: ZAINEEL, role: undefined, database: undefined, schema: undefined, warehouse: COMPUTE_WH, proxy was not configured, password is not provided, region: undefined, authenticator: SNOWFLAKE_JWT, ocsp mode: FAIL_OPEN, os: darwin, os version: 25.0.0"}
{"level":"INFO","message":"[10:13:01.206 PM]: Connection[id: 884b2af7-43c7-4f1a-9f78-e7af452a9bf5] additional details: passcode in password is provided, passcode is not provided, private key is provided, application: undefined, client name: snowflake-sdk, client version: 2.3.1, retry timeout: 300, private key path: undefined, private key pass is not provided, client store temporary credential: false, browser response timeout: 120000"}
{"level":"INFO","message":"[10:13:01.206 PM]: Connection[id: 884b2af7-43c7-4f1a-9f78-e7af452a9bf5] - connection object created successfully."}
{"level":"INFO","message":"[10:13:01.206 PM]: Connection[id: 884b2af7-43c7-4f1a-9f78-e7af452a9bf5] - connecting. Associated Snowflake domain: GLOBAL"}
{"level":"INFO","message":"[10:13:01.209 PM]: Creating new connection object"}
{"level":"INFO","message":"[10:13:01.210 PM]: Creating Connection[id: da10c0bb-3baa-4d62-82fa-4d05051808c9] with host: CUGFKKD-TT48942.snowflakecomputing.com, account: CUGFKKD-TT48942, accessUrl: https://CUGFKKD-TT48942.snowflakecomputing.com, user: ZAINEEL, role: undefined, database: undefined, schema: undefined, warehouse: COMPUTE_WH, proxy was not configured, password is not provided, region: undefined, authenticator: SNOWFLAKE_JWT, ocsp mode: FAIL_OPEN, os: darwin, os version: 25.0.0"}
{"level":"INFO","message":"[10:13:01.210 PM]: Connection[id: da10c0bb-3baa-4d62-82fa-4d05051808c9] additional details: passcode in password is provided, passcode is not provided, private key is provided, application: undefined, client name: snowflake-sdk, client version: 2.3.1, retry timeout: 300, private key path: undefined, private key pass is not provided, client store temporary credential: false, browser response timeout: 120000"}
{"level":"INFO","message":"[10:13:01.210 PM]: Connection[id: da10c0bb-3baa-4d62-82fa-4d05051808c9] - connection object created successfully."}
{"level":"INFO","message":"[10:13:01.210 PM]: Connection[id: da10c0bb-3baa-4d62-82fa-4d05051808c9] - connecting. Associated Snowflake domain: GLOBAL"}
{"level":"INFO","message":"[10:13:01.214 PM]: Connection[id: 920990a2-0f12-405c-802e-8f0e02257b97] - authentication successful using: SNOWFLAKE_JWT"}
{"level":"INFO","message":"[10:13:01.214 PM]: Connection[id: 1075261e-0471-49b7-bf82-a0c2c0cb7e9c] - authentication successful using: SNOWFLAKE_JWT"}
{"level":"INFO","message":"[10:13:01.214 PM]: Connection[id: 884b2af7-43c7-4f1a-9f78-e7af452a9bf5] - authentication successful using: SNOWFLAKE_JWT"}
{"level":"INFO","message":"[10:13:01.214 PM]: Connection[id: da10c0bb-3baa-4d62-82fa-4d05051808c9] - authentication successful using: SNOWFLAKE_JWT"}
{"level":"INFO","message":"[10:13:01.215 PM]: Connection[id: 920990a2-0f12-405c-802e-8f0e02257b97] - connected successfully after 21.71 milliseconds"}
{"level":"INFO","message":"[10:13:01.215 PM]: Connection[id: 1075261e-0471-49b7-bf82-a0c2c0cb7e9c] - connected successfully after 14.83 milliseconds"}
{"level":"INFO","message":"[10:13:01.216 PM]: Connection[id: 884b2af7-43c7-4f1a-9f78-e7af452a9bf5] - connected successfully after 10.02 milliseconds"}
{"level":"INFO","message":"[10:13:01.216 PM]: Connection[id: da10c0bb-3baa-4d62-82fa-4d05051808c9] - connected successfully after 5.98 milliseconds"}
{"level":"INFO","message":"[10:13:07.493 PM]: Creating new connection object"}
{"level":"INFO","message":"[10:13:07.495 PM]: Creating Connection[id: 156e461f-e166-4071-aa7b-5d5e596504c1] with host: CUGFKKD-TT48942.snowflakecomputing.com, account: CUGFKKD-TT48942, accessUrl: https://CUGFKKD-TT48942.snowflakecomputing.com, user: ZAINEEL, role: undefined, database: undefined, schema: undefined, warehouse: COMPUTE_WH, proxy was not configured, password is not provided, region: undefined, authenticator: SNOWFLAKE_JWT, ocsp mode: FAIL_OPEN, os: darwin, os version: 25.0.0"}
{"level":"INFO","message":"[10:13:07.495 PM]: Connection[id: 156e461f-e166-4071-aa7b-5d5e596504c1] additional details: passcode in password is provided, passcode is not provided, private key is provided, application: undefined, client name: snowflake-sdk, client version: 2.3.1, retry timeout: 300, private key path: undefined, private key pass is not provided, client store temporary credential: false, browser response timeout: 120000"}
{"level":"INFO","message":"[10:13:07.495 PM]: Connection[id: 156e461f-e166-4071-aa7b-5d5e596504c1] - connection object created successfully."}
{"level":"INFO","message":"[10:13:07.496 PM]: Connection[id: 156e461f-e166-4071-aa7b-5d5e596504c1] - connecting. Associated Snowflake domain: GLOBAL"}
{"level":"INFO","message":"[10:13:07.500 PM]: Connection[id: 156e461f-e166-4071-aa7b-5d5e596504c1] - authentication successful using: SNOWFLAKE_JWT"}
{"level":"INFO","message":"[10:13:07.501 PM]: Connection[id: 156e461f-e166-4071-aa7b-5d5e596504c1] - connected successfully after 5.06 milliseconds"}
{"level":"INFO","message":"[10:21:10.880 PM]: Creating new connection object"}
{"level":"INFO","message":"[10:21:10.894 PM]: Creating Connection[id: 93994463-c6ea-464f-8406-ed738a057fbf] with host: CUGFKKD-TT48942.snowflakecomputing.com, account: CUGFKKD-TT48942, accessUrl: https://CUGFKKD-TT48942.snowflakecomputing.com, user: ZAINEEL, role: undefined, database: undefined, schema: undefined, warehouse: COMPUTE_WH, proxy was not configured, password is not provided, region: undefined, authenticator: SNOWFLAKE_JWT, ocsp mode: FAIL_OPEN, os: darwin, os version: 25.0.0"}
{"level":"INFO","message":"[10:21:10.894 PM]: Connection[id: 93994463-c6ea-464f-8406-ed738a057fbf] additional details: passcode in password is provided, passcode is not provided, private key is provided, application: undefined, client name: snowflake-sdk, client version: 2.3.1, retry timeout: 300, private key path: undefined, private key pass is not provided, client store temporary credential: false, browser response timeout: 120000"}
{"level":"INFO","message":"[10:21:10.894 PM]: Connection[id: 93994463-c6ea-464f-8406-ed738a057fbf] - connection object created successfully."}
{"level":"INFO","message":"[10:21:10.895 PM]: Connection[id: 93994463-c6ea-464f-8406-ed738a057fbf] - connecting. Associated Snowflake domain: GLOBAL"}
{"level":"INFO","message":"[10:21:10.898 PM]: Creating new connection object"}
{"level":"INFO","message":"[10:21:10.899 PM]: Creating Connection[id: 487882c3-c949-4b3d-a1ea-adc2f462e463] with host: CUGFKKD-TT48942.snowflakecomputing.com, account: CUGFKKD-TT48942, accessUrl: https://CUGFKKD-TT48942.snowflakecomputing.com, user: ZAINEEL, role: undefined, database: undefined, schema: undefined, warehouse: COMPUTE_WH, proxy was not configured, password is not provided, region: undefined, authenticator: SNOWFLAKE_JWT, ocsp mode: FAIL_OPEN, os: darwin, os version: 25.0.0"}
{"level":"INFO","message":"[10:21:10.899 PM]: Connection[id: 487882c3-c949-4b3d-a1ea-adc2f462e463] additional details: passcode in password is provided, passcode is not provided, private key is provided, application: undefined, client name: snowflake-sdk, client version: 2.3.1, retry timeout: 300, private key path: undefined, private key pass is not provided, client store temporary credential: false, browser response timeout: 120000"}
{"level":"INFO","message":"[10:21:10.899 PM]: Connection[id: 487882c3-c949-4b3d-a1ea-adc2f462e463] - connection object created successfully."}
{"level":"INFO","message":"[10:21:10.900 PM]: Connection[id: 487882c3-c949-4b3d-a1ea-adc2f462e463] - connecting. Associated Snowflake domain: GLOBAL"}
{"level":"INFO","message":"[10:21:10.903 PM]: Creating new connection object"}
{"level":"INFO","message":"[10:21:10.904 PM]: Creating Connection[id: 40005310-ddef-4c39-9234-b17f88aad2ee] with host: CUGFKKD-TT48942.snowflakecomputing.com, account: CUGFKKD-TT48942, accessUrl: https://CUGFKKD-TT48942.snowflakecomputing.com, user: ZAINEEL, role: undefined, database: undefined, schema: undefined, warehouse: COMPUTE_WH, proxy was not configured, password is not provided, region: undefined, authenticator: SNOWFLAKE_JWT, ocsp mode: FAIL_OPEN, os: darwin, os version: 25.0.0"}
{"level":"INFO","message":"[10:21:10.904 PM]: Connection[id: 40005310-ddef-4c39-9234-b17f88aad2ee] additional details: passcode in password is provided, passcode is not provided, private key is provided, application: undefined, client name: snowflake-sdk, client version: 2.3.1, retry timeout: 300, private key path: undefined, private key pass is not provided, client store temporary credential: false, browser response timeout: 120000"}
{"level":"INFO","message":"[10:21:10.904 PM]: Connection[id: 40005310-ddef-4c39-9234-b17f88aad2ee] - connection object created successfully."}
{"level":"INFO","message":"[10:21:10.904 PM]: Connection[id: 40005310-ddef-4c39-9234-b17f88aad2ee] - connecting. Associated Snowflake domain: GLOBAL"}
{"level":"INFO","message":"[10:21:10.907 PM]: Creating new connection object"}
{"level":"INFO","message":"[10:21:10.907 PM]: Creating Connection[id: 87640ec8-efaf-4b6e-a6df-ff6b792331f2] with host: CUGFKKD-TT48942.snowflakecomputing.com, account: CUGFKKD-TT48942, accessUrl: https://CUGFKKD-TT48942.snowflakecomputing.com, user: ZAINEEL, role: undefined, database: undefined, schema: undefined, warehouse: COMPUTE_WH, proxy was not configured, password is not provided, region: undefined, authenticator: SNOWFLAKE_JWT, ocsp mode: FAIL_OPEN, os: darwin, os version: 25.0.0"}
{"level":"INFO","message":"[10:21:10.908 PM]: Connection[id: 87640ec8-efaf-4b6e-a6df-ff6b792331f2] additional details: passcode in password is provided, passcode is not provided, private key is provided, application: undefined, client name: snowflake-sdk, client version: 2.3.1, retry timeout: 300, private key path: undefined, private key pass is not provided, client store temporary credential: false, browser response timeout: 120000"}
{"level":"INFO","message":"[10:21:10.908 PM]: Connection[id: 87640ec8-efaf-4b6e-a6df-ff6b792331f2] - connection object created successfully."}
{"level":"INFO","message":"[10:21:10.908 PM]: Connection[id: 87640ec8-efaf-4b6e-a6df-ff6b792331f2] - connecting. Associated Snowflake domain: GLOBAL"}
{"level":"INFO","message":"[10:21:10.910 PM]: Connection[id: 93994463-c6ea-464f-8406-ed738a057fbf] - authentication successful using: SNOWFLAKE_JWT"}
{"level":"INFO","message":"[10:21:10.911 PM]: Trying to initialize Easy Logging"}
{"level":"INFO","message":"[10:21:10.911 PM]: Connection[id: 487882c3-c949-4b3d-a1ea-adc2f462e463] - authentication successful using: SNOWFLAKE_JWT"}
{"level":"INFO","message":"[10:21:10.911 PM]: Trying to initialize Easy Logging"}
{"level":"INFO","message":"[10:21:10.911 PM]: Connection[id: 40005310-ddef-4c39-9234-b17f88aad2ee] - authentication successful using: SNOWFLAKE_JWT"}
{"level":"INFO","message":"[10:21:10.911 PM]: Trying to initialize Easy Logging"}
{"level":"INFO","message":"[10:21:10.911 PM]: Connection[id: 87640ec8-efaf-4b6e-a6df-ff6b792331f2] - authentication successful using: SNOWFLAKE_JWT"}
{"level":"INFO","message":"[10:21:10.911 PM]: Trying to initialize Easy Logging"}
{"level":"INFO","message":"[10:21:10.913 PM]: No client config detected."}
{"level":"INFO","message":"[10:21:10.913 PM]: No config file path found. Client config will not be used."}
{"level":"INFO","message":"[10:21:10.913 PM]: Easy Logging is disabled as no config has been found"}
{"level":"INFO","message":"[10:21:10.915 PM]: Connection[id: 93994463-c6ea-464f-8406-ed738a057fbf] - connected successfully after 20.19 milliseconds"}
{"level":"INFO","message":"[10:21:10.920 PM]: No client config detected."}
{"level":"INFO","message":"[10:21:10.920 PM]: No config file path found. Client config will not be used."}
{"level":"INFO","message":"[10:21:10.920 PM]: Easy Logging is disabled as no config has been found"}
{"level":"INFO","message":"[10:21:10.920 PM]: Connection[id: 487882c3-c949-4b3d-a1ea-adc2f462e463] - connected successfully after 20.24 milliseconds"}
{"level":"INFO","message":"[10:21:10.922 PM]: No client config detected."}
{"level":"INFO","message":"[10:21:10.922 PM]: No config file path found. Client config will not be used."}
{"level":"INFO","message":"[10:21:10.922 PM]: Easy Logging is disabled as no config has been found"}
{"level":"INFO","message":"[10:21:10.922 PM]: Connection[id: 40005310-ddef-4c39-9234-b17f88aad2ee] - connected successfully after 17.9 milliseconds"}
{"level":"INFO","message":"[10:21:10.923 PM]: No client config detected."}
{"level":"INFO","message":"[10:21:10.924 PM]: No config file path found. Client config will not be used."}
{"level":"INFO","message":"[10:21:10.924 PM]: Easy Logging is disabled as no config has been found"}
{"level":"INFO","message":"[10:21:10.924 PM]: Connection[id: 87640ec8-efaf-4b6e-a6df-ff6b792331f2] - connected successfully after 16.35 milliseconds"}
{"level":"INFO","message":"[10:21:17.044 PM]: Creating new connection object"}
{"level":"INFO","message":"[10:21:17.045 PM]: Creating Connection[id: 11bf1b2c-3c68-479f-8978-e344d7cd6659] with host: CUGFKKD-TT48942.snowflakecomputing.com, account: CUGFKKD-TT48942, accessUrl: https://CUGFKKD-TT48942.snowflakecomputing.com, user: ZAINEEL, role: undefined, database: undefined, schema: undefined, warehouse: COMPUTE_WH, proxy was not configured, password is not provided, region: undefined, authenticator: SNOWFLAKE_JWT, ocsp mode: FAIL_OPEN, os: darwin, os version: 25.0.0"}
{"level":"INFO","message":"[10:21:17.045 PM]: Connection[id: 11bf1b2c-3c68-479f-8978-e344d7cd6659] additional details: passcode in password is provided, passcode is not provided, private key is provided, application: undefined, client name: snowflake-sdk, client version: 2.3.1, retry timeout: 300, private key path: undefined, private key pass is not provided, client store temporary credential: false, browser response timeout: 120000"}
{"level":"INFO","message":"[10:21:17.045 PM]: Connection[id: 11bf1b2c-3c68-479f-8978-e344d7cd6659] - connection object created successfully."}
{"level":"INFO","message":"[10:21:17.046 PM]: Connection[id: 11bf1b2c-3c68-479f-8978-e344d7cd6659] - connecting. Associated Snowflake domain: GLOBAL"}
{"level":"INFO","message":"[10:21:17.050 PM]: Connection[id: 11bf1b2c-3c68-479f-8978-e344d7cd6659] - authentication successful using: SNOWFLAKE_JWT"}
{"level":"INFO","message":"[10:21:17.051 PM]: Connection[id: 11bf1b2c-3c68-479f-8978-e344d7cd6659] - connected successfully after 5.87 milliseconds"}
